<?xml version="1.0" encoding="utf-8"?><testsuites name="pytest tests"><testsuite name="pytest" errors="0" failures="0" skipped="0" tests="16" time="0.152" timestamp="2026-07-04T23:16:20.859226+00:00" hostname="agent-env-90d01d6a-b9da-4df4-a2e8-4192dec1f6b5"><testcase classname="backend.tests.test_pt_language.TestPortugueseLanguage" name="test_supported_languages_has_pt_entry" time="0.000" /><testcase classname="backend.tests.test_pt_language.TestPortugueseLanguage" name="test_pt_is_seventh_language" time="0.000" /><testcase classname="backend.tests.test_pt_language.TestPortugueseLanguage" name="test_loc_has_pt_block_after_it" time="0.002" /><testcase classname="backend.tests.test_pt_language.TestPortugueseLanguage" name="test_it_block_ends_with_comma_before_pt" time="0.004" /><testcase classname="backend.tests.test_pt_language.TestPortugueseLanguage" name="test_pt_key_count_matches_en" time="0.015" /><testcase classname="backend.tests.test_pt_language.TestPortugueseLanguage" name="test_pt_keys_match_en_exactly_and_in_order" time="0.015" /><testcase classname="backend.tests.test_pt_language.TestPortugueseLanguage" name="test_pt_no_duplicate_keys" time="0.016" /><testcase classname="backend.tests.test_pt_language.TestPortugueseLanguage" name="test_pt_placeholders_preserved" time="0.019" /><testcase classname="backend.tests.test_pt_language.TestPortugueseLanguage" name="test_pt_html_tags_consistent_with_italian" time="0.019" /><testcase classname="backend.tests.test_pt_language.TestPortugueseLanguage" name="test_pt_no_unescaped_internal_quotes" time="0.011" /><testcase classname="backend.tests.test_pt_language.TestPortugueseLanguage" name="test_pt_block_closes_correctly" time="0.002" /><testcase classname="backend.tests.test_pt_language.TestPortugueseLanguage" name="test_sampling_date_parser_has_portuguese_months" time="0.001" /><testcase classname="backend.tests.test_pt_language.TestPortugueseLanguage" name="test_sampling_date_parser_no_set_for_portuguese" time="0.000" /><testcase classname="backend.tests.test_pt_language.TestPortugueseLanguage" name="test_sampling_date_parser_no_duplicate_keys" time="0.000" /><testcase classname="backend.tests.test_pt_language.TestPortugueseLanguage" name="test_pt_uses_european_conventions" time="0.013" /><testcase classname="backend.tests.test_pt_language.TestPortugueseLanguage" name="test_only_three_files_changed" time="0.004" /></testsuite></testsuites>